{
  "RSpec": {
    "coverage": {
      "/Users/daniel/Projects/multi_scraper/lib/multi_scraper.rb": [
        1,
        1,
        1,
        1,
        1,
        1,
        1,
        null,
        1,
        1,
        1,
        1,
        1,
        null,
        1,
        1,
        36,
        36,
        36,
        null,
        null,
        1,
        9,
        null,
        null,
        1,
        1,
        null,
        null,
        1,
        1,
        null,
        null,
        1,
        1,
        null,
        null,
        null
      ],
      "/Users/daniel/Projects/multi_scraper/lib/multi_scraper/configuration.rb": [
        1,
        null,
        1,
        1,
        1,
        1,
        1,
        null,
        null,
        null
      ],
      "/Users/daniel/Projects/multi_scraper/lib/multi_scraper/property.rb": [
        1,
        1,
        1,
        1,
        1,
        1,
        1,
        null,
        1,
        1,
        1,
        null,
        null,
        null,
        null,
        null,
        null,
        185,
        null,
        null,
        null
      ],
      "/Users/daniel/Projects/multi_scraper/lib/multi_scraper/property/value.rb": [
        1,
        1,
        1,
        1,
        1,
        304,
        1,
        null,
        303,
        null,
        null,
        1,
        281,
        278,
        275,
        275,
        274,
        null,
        null,
        null,
        1,
        284,
        null,
        null,
        1,
        182,
        null,
        null,
        null,
        null
      ],
      "/Users/daniel/Projects/multi_scraper/lib/multi_scraper/property/array.rb": [
        1,
        1,
        1,
        1,
        55,
        55,
        null,
        null,
        1,
        55,
        22,
        22,
        22,
        121,
        121,
        121,
        null,
        null,
        null,
        1,
        182,
        null,
        null,
        null,
        null
      ],
      "/Users/daniel/Projects/multi_scraper/lib/multi_scraper/property/feed.rb": [
        1,
        1,
        1,
        1,
        1,
        null,
        null,
        1,
        1,
        null,
        null,
        1,
        182,
        null,
        null,
        null,
        null
      ],
      "/Users/daniel/Projects/multi_scraper/lib/multi_scraper/property/group.rb": [
        1,
        1,
        1,
        1,
        24,
        24,
        null,
        null,
        1,
        24,
        24,
        24,
        null,
        null,
        1,
        182,
        null,
        null,
        null,
        null
      ],
      "/Users/daniel/Projects/multi_scraper/lib/multi_scraper/property/node.rb": [
        1,
        1,
        1,
        1,
        11,
        null,
        11,
        null,
        null,
        1,
        11,
        null,
        null,
        1,
        182,
        null,
        null,
        null,
        null
      ],
      "/Users/daniel/Projects/multi_scraper/lib/multi_scraper/property/page.rb": [
        1,
        1,
        1,
        1,
        6,
        null,
        null,
        1,
        7,
        null,
        null,
        1,
        182,
        null,
        null,
        null,
        null
      ],
      "/Users/daniel/Projects/multi_scraper/lib/multi_scraper/property/string.rb": [
        1,
        1,
        1,
        1,
        197,
        192,
        192,
        192,
        192,
        null,
        null,
        1,
        182,
        null,
        null,
        null,
        null
      ],
      "/Users/daniel/Projects/multi_scraper/lib/multi_scraper/property_group.rb": [
        1,
        1,
        1,
        1,
        182,
        182,
        182,
        182,
        null,
        null,
        1,
        181,
        303,
        null,
        null,
        null,
        1,
        182,
        1274,
        304,
        null,
        null,
        null,
        null,
        1,
        304,
        303,
        27,
        null,
        null,
        null,
        1,
        453,
        null,
        null,
        1,
        3,
        null,
        null,
        null
      ],
      "/Users/daniel/Projects/multi_scraper/lib/multi_scraper/option.rb": [
        1,
        1,
        1,
        1,
        1,
        null,
        1,
        1,
        1,
        null,
        null,
        null,
        null,
        283,
        null,
        null,
        1,
        1302,
        280,
        null,
        null,
        null
      ],
      "/Users/daniel/Projects/multi_scraper/lib/multi_scraper/option/call_method.rb": [
        1,
        1,
        1,
        1,
        280,
        null,
        null,
        1,
        7,
        7,
        1,
        null,
        6,
        null,
        null,
        null,
        null
      ],
      "/Users/daniel/Projects/multi_scraper/lib/multi_scraper/option/regex.rb": [
        1,
        1,
        1,
        1,
        276,
        null,
        null,
        1,
        8,
        8,
        8,
        null,
        null,
        null,
        null
      ],
      "/Users/daniel/Projects/multi_scraper/lib/multi_scraper/option/selector.rb": [
        1,
        1,
        1,
        1,
        264,
        264,
        null,
        null,
        1,
        18,
        18,
        18,
        null,
        null,
        1,
        282,
        null,
        245,
        null,
        null,
        null,
        null
      ],
      "/Users/daniel/Projects/multi_scraper/lib/multi_scraper/option/url.rb": [
        1,
        null,
        1,
        1,
        1,
        1,
        246,
        null,
        null,
        1,
        7,
        null,
        null,
        null,
        null
      ],
      "/Users/daniel/Projects/multi_scraper/lib/multi_scraper/option/with_value.rb": [
        1,
        1,
        1,
        1,
        239,
        null,
        null,
        1,
        234,
        null,
        null,
        null,
        null
      ],
      "/Users/daniel/Projects/multi_scraper/lib/multi_scraper/dsl.rb": [
        1,
        1,
        37,
        37,
        null,
        null,
        1,
        1,
        36,
        null,
        null,
        null,
        1,
        1,
        184,
        null,
        null,
        1,
        184,
        null,
        null,
        1,
        37,
        36,
        null,
        null,
        null
      ]
    },
    "timestamp": 1483340383
  }
}
